Log file open, 11/02/17 15:15:19
LogInit:Display: Running engine for game: DungeonRun
LogPlatformFile: Not using cached read wrapper
LogInit:Display: RandInit(775281831) SRandInit(775281831).
LogTaskGraph: Started task graph with 5 named threads and 8 total threads with 1 sets of task threads.
LogStats: Stats thread started at 0.092952
LogInit: Using libcurl 7.47.1
LogInit:  - built for x86_64-pc-win32
LogInit:  - supports SSL with OpenSSL/1.0.2g
LogInit:  - supports HTTP deflate (compression) using libz 1.2.8
LogInit:  - other features:
LogInit:      CURL_VERSION_SSL
LogInit:      CURL_VERSION_LIBZ
LogInit:      CURL_VERSION_IPV6
LogInit:      CURL_VERSION_ASYNCHDNS
LogInit:      CURL_VERSION_LARGEFILE
LogInit:      CURL_VERSION_IDN
LogInit:  CurlRequestOptions (configurable via config and command line):
LogInit:  - bVerifyPeer = false  - Libcurl will NOT verify peer certificate
LogInit:  - bUseHttpProxy = false  - Libcurl will NOT use HTTP proxy
LogInit:  - bDontReuseConnections = false  - Libcurl will reuse connections
LogInit:  - CertBundlePath = nullptr  - Libcurl will use whatever was configured at build time.
LogInit: Build: ++UE4+Release-4.16-CL-3561208
LogInit: Engine Version: 4.16.3-3561208+++UE4+Release-4.16
LogInit: Compatible Engine Version: 4.16.0-3452394+++UE4+Release-4.16
LogInit: Net CL: 3452394
LogDevObjectVersion: Number of dev versions registered: 16
LogDevObjectVersion:   Dev-Blueprints (B0D832E4-1F89-4F0D-ACCF-7EB736FD4AA2): 9
LogDevObjectVersion:   Dev-Build (E1C64328-A22C-4D53-A36C-8E866417BD8C): 0
LogDevObjectVersion:   Dev-Core (375EC13C-06E4-48FB-B500-84F0262A717E): 2
LogDevObjectVersion:   Dev-Editor (E4B068ED-F494-42E9-A231-DA0B2E46BB41): 17
LogDevObjectVersion:   Dev-Framework (CFFC743F-43B0-4480-9391-14DF171D2073): 23
LogDevObjectVersion:   Dev-Mobile (B02B49B5-BB20-44E9-A304-32B752E40360): 0
LogDevObjectVersion:   Dev-Networking (A4E4105C-59A1-49B5-A7C5-40C4547EDFEE): 0
LogDevObjectVersion:   Dev-Online (39C831C9-5AE6-47DC-9A44-9C173E1C8E7C): 0
LogDevObjectVersion:   Dev-Physics (78F01B33-EBEA-4F98-B9B4-84EACCB95AA2): 0
LogDevObjectVersion:   Dev-Platform (6631380F-2D4D-43E0-8009-CF276956A95A): 0
LogDevObjectVersion:   Dev-Rendering (12F88B9F-8875-4AFC-A67C-D90C383ABD29): 15
LogDevObjectVersion:   Dev-Sequencer (7B5AE74C-D270-4C10-A958-57980B212A5A): 4
LogDevObjectVersion:   Dev-VR (D7296918-1DD6-4BDD-9DE2-64A83CC13884): 0
LogDevObjectVersion:   Dev-LoadTimes (C2A15278-BFE7-4AFE-6C17-90FF531DF755): 1
LogDevObjectVersion:   Private-Geometry (6EACA3D4-40EC-4CC1-B786-8BED09428FC5): 1
LogDevObjectVersion:   Dev-AnimPhys (29E575DD-E0A3-4627-9D10-D276232CDCEA): 3
LogInit: Compiled (64-bit): Jul 28 2017 11:49:47
LogInit: Compiled with Visual C++: 19.00.24215.01
LogInit: Build Configuration: Development
LogInit: Branch Name: ++UE4+Release-4.16
LogInit: Command line: -EpicPortal 
LogInit: Base directory: C:/Program Files/Epic Games/UE_4.16/Engine/Binaries/Win64/
LogInit: Installed Engine Build: 1
LogInit: Presizing for max 8388607 objects, including 0 objects not considered by GC, pre-allocating 0 bytes for permanent pool.
LogInit: Object subsystem initialized
[2017.11.02-04.15.20:972][  0]LogInit: Selected Device Profile: [Windows]
[2017.11.02-04.15.20:972][  0]LogInit: Applying CVar settings loaded from the selected device profile: [Windows]
[2017.11.02-04.15.20:988][  0]LogInit: Computer: TERMINATOR
[2017.11.02-04.15.20:988][  0]LogInit: User: Pixelmaster
[2017.11.02-04.15.20:988][  0]LogInit: CPU Page size=4096, Cores=4
[2017.11.02-04.15.20:988][  0]LogInit: High frequency timer resolution =3.123192 MHz
[2017.11.02-04.15.20:988][  0]LogMemory: Memory total: Physical=7.9GB (8GB approx)
[2017.11.02-04.15.20:988][  0]LogMemory: Platform Memory Stats for Windows
[2017.11.02-04.15.20:988][  0]LogMemory: Process Physical Memory: 271.95 MB used, 271.95 MB peak
[2017.11.02-04.15.20:988][  0]LogMemory: Process Virtual Memory: 258.41 MB used, 258.41 MB peak
[2017.11.02-04.15.20:988][  0]LogMemory: Physical Memory: 6180.66 MB used,  1945.26 MB free, 8125.91 MB total
[2017.11.02-04.15.20:988][  0]LogMemory: Virtual Memory: 635.25 MB used,  1945.26 MB free, 134217728.00 MB total
[2017.11.02-04.15.21:090][  0]LogInit: Using OS detected language (en-GB).
[2017.11.02-04.15.21:090][  0]LogInit: Using OS detected locale (en-AU).
[2017.11.02-04.15.21:103][  0]LogTextLocalizationManager: No specific localization for 'en-GB' exists, so the 'en' localization will be used.
[2017.11.02-04.15.22:214][  0]LogD3D11RHI: D3D11 adapters:
[2017.11.02-04.15.22:272][  0]LogD3D11RHI:    0. 'NVIDIA GeForce GTX 750 Ti' (Feature Level 11_0)
[2017.11.02-04.15.22:272][  0]LogD3D11RHI:       2017/0/4062 MB DedicatedVideo/DedicatedSystem/SharedSystem, Outputs:1, VendorId:0x10de
[2017.11.02-04.15.22:273][  0]LogD3D11RHI:    1. 'Microsoft Basic Render Driver' (Feature Level 11_0)
[2017.11.02-04.15.22:273][  0]LogD3D11RHI:       0/0/4062 MB DedicatedVideo/DedicatedSystem/SharedSystem, Outputs:0, VendorId:0x1414
[2017.11.02-04.15.22:273][  0]LogD3D11RHI: Chosen D3D11 Adapter: 0
[2017.11.02-04.15.22:282][  0]LogD3D11RHI: Creating new Direct3DDevice
[2017.11.02-04.15.22:282][  0]LogD3D11RHI:     GPU DeviceId: 0x1380 (for the marketing name, search the web for "GPU Device Id")
[2017.11.02-04.15.22:282][  0]LogWindows: EnumDisplayDevices:
[2017.11.02-04.15.22:282][  0]LogWindows:    0. 'NVIDIA GeForce GTX 750 Ti' (P:1 D:1)
[2017.11.02-04.15.22:283][  0]LogWindows:    1. 'NVIDIA GeForce GTX 750 Ti' (P:0 D:0)
[2017.11.02-04.15.22:283][  0]LogWindows:    2. 'NVIDIA GeForce GTX 750 Ti' (P:0 D:0)
[2017.11.02-04.15.22:283][  0]LogWindows:    3. 'NVIDIA GeForce GTX 750 Ti' (P:0 D:0)
[2017.11.02-04.15.22:283][  0]LogWindows: DebugString: FoundDriverCount:4 
[2017.11.02-04.15.22:283][  0]LogD3D11RHI:     Adapter Name: NVIDIA GeForce GTX 750 Ti
[2017.11.02-04.15.22:283][  0]LogD3D11RHI:   Driver Version: 382.05 (internal:22.21.13.8205, unified:382.05)
[2017.11.02-04.15.22:283][  0]LogD3D11RHI:      Driver Date: 5-1-2017
[2017.11.02-04.15.22:283][  0]LogRHI: Texture pool is 1361 MB (70% of 1945 MB)
[2017.11.02-04.15.22:313][  0]LogD3D11RHI: Async texture creation enabled
[2017.11.02-04.15.22:324][  0]LogD3D11RHI: GPU Timing Frequency: 1000.000000 (Debug: 2 1)
[2017.11.02-04.15.22:325][  0]LogShaderCompilers: Guid format shader working directory is -10 characters bigger than the processId version (../../../../../../Users/Pixelmaster/OneDrive/Mygame/DungeonRun/Intermediate/Shaders/WorkingDirectory/3240/).
[2017.11.02-04.15.22:326][  0]LogShaderCompilers: Cleaned the shader compiler working directory 'C:/Users/Pixelmaster/AppData/Local/Temp/UnrealShaderWorkingDir/A1E3BE8A49CA8F3249C3C9B67DDDE9E2/'.
[2017.11.02-04.15.22:326][  0]LogShaderCompilers:Display: Using Local Shader Compiler.
[2017.11.02-04.15.24:094][  0]LogTemp:Display: Loaded TP AllDesktopTargetPlatform
[2017.11.02-04.15.24:191][  0]LogTemp:Display: Loaded TP MacClientTargetPlatform
[2017.11.02-04.15.24:272][  0]LogTemp:Display: Loaded TP MacNoEditorTargetPlatform
[2017.11.02-04.15.24:365][  0]LogTemp:Display: Loaded TP MacServerTargetPlatform
[2017.11.02-04.15.24:589][  0]LogTemp:Display: Loaded TP MacTargetPlatform
[2017.11.02-04.15.24:788][  0]LogTemp:Display: Loaded TP WindowsClientTargetPlatform
[2017.11.02-04.15.24:912][  0]LogTemp:Display: Loaded TP WindowsNoEditorTargetPlatform
[2017.11.02-04.15.24:991][  0]LogTemp:Display: Loaded TP WindowsServerTargetPlatform
[2017.11.02-04.15.25:070][  0]LogTemp:Display: Loaded TP WindowsTargetPlatform
[2017.11.02-04.15.25:147][  0]LogTemp:Display: Loaded TP AndroidTargetPlatform
[2017.11.02-04.15.25:220][  0]LogTemp:Display: Loaded TP Android_ASTCTargetPlatform
[2017.11.02-04.15.25:304][  0]LogTemp:Display: Loaded TP Android_ATCTargetPlatform
[2017.11.02-04.15.25:372][  0]LogTemp:Display: Loaded TP Android_DXTTargetPlatform
[2017.11.02-04.15.25:441][  0]LogTemp:Display: Loaded TP Android_ETC1TargetPlatform
[2017.11.02-04.15.25:509][  0]LogTemp:Display: Loaded TP Android_ETC2TargetPlatform
[2017.11.02-04.15.25:653][  0]LogTemp:Display: Loaded TP Android_MultiTargetPlatform
[2017.11.02-04.15.25:653][  0]LogTemp:Display: Loaded TP Android_PVRTCTargetPlatform
[2017.11.02-04.15.25:714][  0]LogTemp:Display: Loaded TP HTML5TargetPlatform
[2017.11.02-04.15.25:839][  0]LogTemp:Display: Loaded TP IOSTargetPlatform
[2017.11.02-04.15.25:883][  0]LogTemp:Display: Loaded TP TVOSTargetPlatform
[2017.11.02-04.15.25:975][  0]LogTemp:Display: Loaded TP LinuxClientTargetPlatform
[2017.11.02-04.15.26:054][  0]LogTemp:Display: Loaded TP LinuxNoEditorTargetPlatform
[2017.11.02-04.15.26:259][  0]LogTemp:Display: Loaded TP LinuxServerTargetPlatform
[2017.11.02-04.15.26:414][  0]LogTemp:Display: Loaded TP LinuxTargetPlatform
[2017.11.02-04.15.26:415][  0]LogTargetPlatformManager:Display: Building Assets For Windows
[2017.11.02-04.15.27:147][  0]LogDerivedDataCache:Display: Max Cache Size: 512 MB
[2017.11.02-04.15.27:283][  0]LogDerivedDataCache: Loaded boot cache 0.14s 90MB C:/Users/Pixelmaster/AppData/Local/UnrealEngine/4.16/DerivedDataCache/Boot.ddc.
[2017.11.02-04.15.27:283][  0]LogDerivedDataCache:Display: Loaded Boot cache: C:/Users/Pixelmaster/AppData/Local/UnrealEngine/4.16/DerivedDataCache/Boot.ddc
[2017.11.02-04.15.27:283][  0]LogDerivedDataCache: FDerivedDataBackendGraph:  Pak pak cache file ../../../../../../Users/Pixelmaster/OneDrive/Mygame/DungeonRun/DerivedDataCache/DDC.ddp not found, will not use a pak cache.
[2017.11.02-04.15.27:283][  0]LogDerivedDataCache: Unable to find inner node Pak for hierarchical cache Hierarchy.
[2017.11.02-04.15.27:284][  0]LogDerivedDataCache: FDerivedDataBackendGraph:  CompressedPak pak cache file ../../../../../../Users/Pixelmaster/OneDrive/Mygame/DungeonRun/DerivedDataCache/Compressed.ddp not found, will not use a pak cache.
[2017.11.02-04.15.27:284][  0]LogDerivedDataCache: Unable to find inner node CompressedPak for hierarchical cache Hierarchy.
[2017.11.02-04.15.27:301][  0]LogDerivedDataCache:Display: Pak cache opened for reading ../../../Engine/DerivedDataCache/Compressed.ddp.
[2017.11.02-04.15.27:314][  0]LogDerivedDataCache: Using Local data cache path C:/Users/Pixelmaster/AppData/Local/UnrealEngine/Common/DerivedDataCache: Writable
[2017.11.02-04.15.27:324][  0]LogMaterial: Verifying Global Shaders for PCD3D_SM5
[2017.11.02-04.15.27:324][  0]LogSlate: Using Freetype 2.6.0
[2017.11.02-04.15.27:344][  0]LogSlate: SlateFontCache - WITH_FREETYPE: 1, WITH_HARFBUZZ: 1
[2017.11.02-04.15.27:344][  0]LogSlate: SlateFontCache - WITH_FREETYPE: 1, WITH_HARFBUZZ: 1
[2017.11.02-04.15.30:262][  0]LogInit: Selected Device Profile: [Windows]
[2017.11.02-04.15.30:354][  0]LogContentStreaming: Texture pool size is 0.00 MB
[2017.11.02-04.15.30:600][  0]LogMeshUtilities: Using QuadricMeshReduction for automatic static mesh reduction
[2017.11.02-04.15.30:687][  0]LogSimplygon: Simplygon DLL not present - disabling.
[2017.11.02-04.15.30:765][  0]LogMeshUtilities: Using SimplygonSwarm for distributed automatic mesh merging
[2017.11.02-04.15.30:765][  0]LogMeshUtilities: No automatic skeletal mesh reduction module available
[2017.11.02-04.15.30:765][  0]LogMeshUtilities: No automatic mesh merging module available
[2017.11.02-04.15.31:556][  0]LogNetVersion: DungeonRun , NetCL: 3452394, EngineNetVer: 2, GameNetVer: 0 (Checksum: 2628426386)
[2017.11.02-04.15.31:630][  0]LogAssetRegistry: FAssetRegistry took 0.0278 seconds to start up
[2017.11.02-04.15.31:752][  0]LogPackageLocalizationCache: Processed 4 localized package path(s) for 2 prioritized culture(s) in 0.082761 seconds
[2017.11.02-04.15.31:759][  0]LogUObjectArray: 34194 objects as part of root set at end of initial load.
[2017.11.02-04.15.31:759][  0]LogUObjectAllocator: 7260416 out of 0 bytes used by permanent object pool.
[2017.11.02-04.15.31:759][  0]LogUObjectArray: CloseDisregardForGC: 0/0 objects in disregard for GC pool
[2017.11.02-04.15.31:868][  0]LogInit: WinSock: version 1.1 (2.2), MaxSocks=32767, MaxUdp=65467
[2017.11.02-04.16.38:459][  0]LogTcpMessaging: Initializing TcpMessaging bridge
[2017.11.02-04.16.38:522][  0]LogUdpMessaging: Initializing bridge on interface 0.0.0.0:0 to multicast group 230.0.0.1:6666.
[2017.11.02-04.16.39:321][  0]LogMaterial: Uniform references updated for custom material expression Custom.
[2017.11.02-04.16.39:916][  0]SourceControl: Info Source control is disabled
[2017.11.02-04.16.39:917][  0]SourceControl: Info Source control is disabled
[2017.11.02-04.16.39:991][  0]SourceControl: Info Source control is disabled
[2017.11.02-04.16.40:065][  0]SourceControl: Info Source control is disabled
[2017.11.02-04.16.41:078][  0]LogAndroidPermission: UAndroidPermissionCallbackProxy::GetInstance
[2017.11.02-04.16.41:995][  0]LogEngine: Initializing Engine...
[2017.11.02-04.16.41:996][  0]LogHMD: Failed to initialize OpenVR with code 110
[2017.11.02-04.16.42:252][  0]LogStats: UGameplayTagsManager::ConstructGameplayTagTree: Construct from data asset -  0.000 s
[2017.11.02-04.16.42:252][  0]LogStats: UGameplayTagsManager::ConstructGameplayTagTree: GameplayTagTreeChangedEvent.Broadcast -  0.000 s
[2017.11.02-04.16.42:524][  0]LogAIModule: Creating AISystem for world Untitled
[2017.11.02-04.16.42:535][  0]LogInit: XAudio2 using 'Speakers (Realtek High Definition Audio)' : 2 channels at 48 kHz using 16 bits per sample (channel mask 0x3)
[2017.11.02-04.16.42:555][  0]LogInit: FAudioDevice initialized.
[2017.11.02-04.16.42:778][  0]LogDerivedDataCache: Saved boot cache 0.22s 90MB C:/Users/Pixelmaster/AppData/Local/UnrealEngine/4.16/DerivedDataCache/Boot.ddc.
[2017.11.02-04.16.42:796][  0]LogInit: Texture streaming: Enabled
[2017.11.02-04.16.42:936][  0]LogEngineSessionManager: EngineSessionManager initialized
[2017.11.02-04.16.43:268][  0]LogInit: Transaction tracking system initialized
[2017.11.02-04.16.43:732][  0]BlueprintLog: New page: Editor Load
[2017.11.02-04.16.45:181][  0]LocalizationService: Info Localization service is disabled
[2017.11.02-04.16.46:238][  0]LogConsoleResponse:Display: 
[2017.11.02-04.16.46:419][  0]LogCook:Display: Max memory allowance for cook 16384mb min free memory 0mb
[2017.11.02-04.16.46:419][  0]LogCook:Display: Mobile HDR setting 1
[2017.11.02-04.16.47:246][  0]LogFileCache: Scanning file cache for directory 'C:/Users/Pixelmaster/OneDrive/Mygame/DungeonRun/Content/' took 0.02s
[2017.11.02-04.16.48:068][  0]SourceControl: Info Source control is disabled
[2017.11.02-04.16.48:068][  0]Cmd: MAP LOAD FILE="../../../../../../Users/Pixelmaster/OneDrive/Mygame/DungeonRun/Content/SideScrollerBP/Maps/SideScrollerExampleMap.umap" TEMPLATE=0 SHOWPROGRESS=1 FEATURELEVEL=3
[2017.11.02-04.16.48:072][  0]LightingResults: New page: Lighting Build
[2017.11.02-04.16.48:137][  0]MapCheck: New page: Map Check
[2017.11.02-04.16.48:137][  0]LightingResults: New page: Lighting Build
[2017.11.02-04.16.49:939][  0]LogAIModule: Creating AISystem for world SideScrollerExampleMap
[2017.11.02-04.16.50:923][  0]LogEditorServer: Finished looking for orphan Actors (0.000 secs)
[2017.11.02-04.16.50:986][  0]Cmd: MAP CHECKDEP NOCLEARLOG
[2017.11.02-04.16.51:072][  0]MapCheck: Info Map check complete: 0 Error(s), 0 Warning(s), took 86.617ms to complete.
[2017.11.02-04.16.51:072][  0]LogFileHelpers: Loading map 'SideScrollerExampleMap' took 3.004
[2017.11.02-04.16.51:629][  0]LogCollectionManager: Loaded 0 collections in 0.001260 seconds
[2017.11.02-04.16.51:845][  0]LogFileCache: Scanning file cache for directory 'C:/Users/Pixelmaster/OneDrive/Mygame/DungeonRun/Saved/Collections/' took 0.01s
[2017.11.02-04.16.51:845][  0]LogFileCache: Scanning file cache for directory 'C:/Users/Pixelmaster/OneDrive/Mygame/DungeonRun/Content/Developers/Pixelmaster/Collections/' took 0.01s
[2017.11.02-04.16.51:845][  0]LogFileCache: Scanning file cache for directory 'C:/Users/Pixelmaster/OneDrive/Mygame/DungeonRun/Content/Collections/' took 0.01s
[2017.11.02-04.16.51:845][  0]LogCollectionManager: Rebuilt the GUID cache for 0 collections in 0.000002 seconds
[2017.11.02-04.16.51:855][  0]LogContentBrowser: Native class hierarchy populated in 0.0092 seconds. Added 2329 classes and 491 folders.
[2017.11.02-04.16.51:949][  0]LogContentBrowser: Native class hierarchy updated for 'WidgetCarousel' in 0.0006 seconds. Added 0 classes and 0 folders.
[2017.11.02-04.16.52:014][  0]LogContentBrowser: Native class hierarchy updated for 'AddContentDialog' in 0.0007 seconds. Added 0 classes and 0 folders.
[2017.11.02-04.16.53:577][  0]LogContentBrowser: Native class hierarchy updated for 'SceneOutliner' in 0.0008 seconds. Added 1 classes and 2 folders.
[2017.11.02-04.16.54:456][  0]LogCrashTracker: Crashtracker disabled due to settings.
[2017.11.02-04.16.54:463][  0]LogSlate: Took 0.000195 seconds to synchronously load lazily loaded font '../../../Engine/Content/Slate/Fonts/Roboto-Regular.ttf' (155K)
[2017.11.02-04.16.54:465][  0]LogSlate: Took 0.000264 seconds to synchronously load lazily loaded font '../../../Engine/Content/Slate/Fonts/Roboto-Bold.ttf' (160K)
[2017.11.02-04.16.54:556][  0]LogSlate: Took 0.055676 seconds to synchronously load lazily loaded font '../../../Engine/Content/Editor/Slate/Fonts/FontAwesome.ttf' (139K)
[2017.11.02-04.16.55:051][  0]LogRenderer: Reallocating scene render targets to support 1164x600 NumSamples 1 (Frame:1).
[2017.11.02-04.16.56:240][  0]LogUObjectGlobals:Warning: Failed to find object 'Class None.'
[2017.11.02-04.16.56:333][  0]LogContentBrowser: Native class hierarchy updated for 'HierarchicalLODOutliner' in 0.0006 seconds. Added 1 classes and 2 folders.
[2017.11.02-04.16.56:334][  0]LogLoad: (Engine Initialization) Total time: 98.34 seconds
[2017.11.02-04.16.56:334][  0]LogLoad: (Engine Initialization) Total Blueprint compile time: 0.24 seconds
[2017.11.02-04.16.56:334][  0]LogExternalProfiler: No external profilers were discovered.  External profiling features will not be available.
[2017.11.02-04.16.56:673][  0]LogOcInput: OculusInput pre-init called
[2017.11.02-04.16.56:673][  0]LogHMD: Starting GearVRController plugin
[2017.11.02-04.16.56:734][  0]LogAssetRegistry: Asset discovery search completed in 85.1264 seconds
[2017.11.02-04.16.56:735][  0]LogCollectionManager: Rebuilt the object cache for 0 collections in 0.000001 seconds (found 0 objects)
[2017.11.02-04.16.56:735][  0]LogCollectionManager: Fixed up redirectors for 0 collections in 0.000026 seconds (updated 0 objects)
[2017.11.02-04.16.56:736][  0]LogContentStreaming: Texture pool size now 1000 MB
[2017.11.02-04.16.56:812][  0]LogSlate: Took 0.000315 seconds to synchronously load lazily loaded font '../../../Engine/Content/Slate/Fonts/Roboto-Light.ttf' (159K)
[2017.11.02-04.18.03:156][365]LogSlate: Took 0.055288 seconds to synchronously load lazily loaded font '../../../Engine/Content/Slate/Fonts/Roboto-Light.ttf' (159K)
[2017.11.02-04.18.03:928][365]LogSavePackage: Save=611.12ms
[2017.11.02-04.18.03:928][365]LogSavePackage: Moving '../../../../../../Users/Pixelmaster/OneDrive/Mygame/DungeonRun/Saved/SideScrollerExampleMap463911224E5F7D38C41D99A9C4D94EBD.tmp' to '../../../../../../Users/Pixelmaster/OneDrive/Mygame/DungeonRun/Content/SideScrollerBP/Maps/SideScrollerExampleMap.umap'
[2017.11.02-04.18.03:931][365]LogSavePackage:Display: Finished SavePackage ../../../../../../Users/Pixelmaster/OneDrive/Mygame/DungeonRun/Content/SideScrollerBP/Maps/SideScrollerExampleMap.umap
[2017.11.02-04.18.04:390][365]LogSavePackage: Save=345.68ms
[2017.11.02-04.18.04:390][365]LogSavePackage: Moving '../../../../../../Users/Pixelmaster/OneDrive/Mygame/DungeonRun/Saved/SideScrollerExampleMap_BuiltData896BB4D34BEACA00170D8FA079163A63.tmp' to '../../../../../../Users/Pixelmaster/OneDrive/Mygame/DungeonRun/Content/SideScrollerBP/Maps/SideScrollerExampleMap_BuiltData.uasset'
[2017.11.02-04.18.04:392][365]LogSavePackage:Display: Finished SavePackage ../../../../../../Users/Pixelmaster/OneDrive/Mygame/DungeonRun/Content/SideScrollerBP/Maps/SideScrollerExampleMap_BuiltData.uasset
